<?xml version="1.0" encoding="UTF-8"?>
<!-- Generated by org.testng.reporters.JUnitReportReporter -->
<testsuite skipped="0" hostname="DESKTOP-4P6AJPB" name="test.LoginTest" tests="1" failures="0" timestamp="2022-03-07T15:57:13 CST" time="4.066" errors="0">
  <testcase name="usershouldbeabletoaddcategory" time="4.066" classname="test.LoginTest"/>
  <system-out/>
</testsuite> <!-- test.LoginTest -->
