<?xml version="1.0" encoding="UTF-8"?>
<!-- Generated by org.testng.reporters.JUnitReportReporter -->
<testsuite skipped="0" hostname="DESKTOP-4P6AJPB" name="test.LoginTest1" tests="1" failures="0" timestamp="2022-03-07T15:44:03 CST" time="3.627" errors="0">
  <testcase name="usershouldnotbeabletoaddduplicatecategory" time="3.627" classname="test.LoginTest1"/>
  <system-out/>
</testsuite> <!-- test.LoginTest1 -->
